<?xml version="1.0" encoding="UTF-8"?>
<testsuite name="CalculatorTest" tests="2" skipped="0" failures="0" errors="0" timestamp="2020-06-13T19:42:10" hostname="preeteshs-MBP" time="0.007">
  <properties/>
  <testcase name="addtest" classname="CalculatorTest" time="0.006"/>
  <testcase name="multiplytest" classname="CalculatorTest" time="0.0"/>
  <system-out><![CDATA[]]></system-out>
  <system-err><![CDATA[]]></system-err>
</testsuite>
